[2026-03-18 14:14:13] info: 	z2m: Logging to console, file (filename: log.log)
[2026-03-18 14:14:13] info: 	z2m: Starting Zigbee2MQTT version 2.9.1 (commit #85875aee27caa005946bb5a446080461a0d2fc33
)
[2026-03-18 14:14:13] info: 	z2m: Starting zigbee-herdsman (9.0.9)
[2026-03-18 14:14:13] info: 	zh:ember: Using default stack config.
[2026-03-18 14:14:13] info: 	zh:ember: ======== Ember Adapter Starting ========
[2026-03-18 14:14:13] info: 	zh:ember:ezsp: ======== EZSP starting ========
[2026-03-18 14:14:13] info: 	zh:ember:uart:ash: ======== ASH Adapter reset ========
[2026-03-18 14:14:13] info: 	zh:ember:uart:ash: Serial port opened
[2026-03-18 14:14:13] info: 	zh:ember:uart:ash: ======== ASH starting ========
[2026-03-18 14:14:14] info: 	zh:ember:uart:ash: ======== ASH connected ========
[2026-03-18 14:14:14] info: 	zh:ember:uart:ash: ======== ASH started ========
[2026-03-18 14:14:14] info: 	zh:ember:ezsp: ======== EZSP started ========
[2026-03-18 14:14:14] info: 	zh:ember: Adapter version info: {"ezsp":18,"revision":"8.2.2 [GA]","build":436,"major":8,"minor":2,"patch":2,"special":0,"type":170}
[2026-03-18 14:14:14] info: 	zh:ember: [STACK STATUS] Network up.
[2026-03-18 14:14:14] info: 	zh:ember: [INIT TC] Adapter network matches config.
[2026-03-18 14:14:14] info: 	zh:ember: [CONCENTRATOR] Started source route discovery. 1248ms until next broadcast.
[2026-03-18 14:14:15] info: 	z2m: zigbee-herdsman started (resumed)
[2026-03-18 14:14:15] info: 	z2m: Coordinator firmware version: '{"meta":{"build":436,"ezsp":18,"major":8,"minor":2,"patch":2,"revision":"8.2.2 [GA]","special":0,"type":170},"type":"EmberZNet"}'
[2026-03-18 14:14:15] info: 	z2m: 0xa4c1387f4dcc1553 (0xa4c1387f4dcc1553): TS0001_switch_module - Tuya 1 gang switch module (Router)
[2026-03-18 14:14:15] info: 	z2m: Currently 1 devices are joined.
[2026-03-18 14:14:15] info: 	z2m: Connecting to MQTT server at mqtt://mqtt:1883
[2026-03-18 14:14:15] info: 	z2m: Connected to MQTT server
[2026-03-18 14:14:15] info: 	z2m:mqtt: MQTT publish: topic 'zigbee2mqtt/bridge/state', payload '{"state":"online"}'
[2026-03-18 14:14:15] info: 	z2m: Started frontend on port 8080
[2026-03-18 14:14:15] info: 	z2m:mqtt: MQTT publish: topic 'zigbee2mqtt/0xa4c1387f4dcc1553', payload '{"countdown":0,"indicator_mode":"on","linkquality":120,"power_outage_memory":"off","state":"OFF","switch_type":"state"}'
[2026-03-18 14:14:15] info: 	z2m: Zigbee2MQTT started!
[2026-03-18 14:14:23] error: 	z2m: MQTT error: Connection refused: Not authorized
[2026-03-18 14:14:24] error: 	z2m: MQTT error: Connection refused: Not authorized
[2026-03-18 14:14:25] error: 	z2m: Not connected to MQTT server!
[2026-03-18 14:14:25] error: 	z2m: MQTT error: Connection refused: Not authorized
[2026-03-18 14:14:26] error: 	z2m: MQTT error: Connection refused: Not authorized
[2026-03-18 14:14:27] error: 	z2m: MQTT error: Connection refused: Not authorized
[2026-03-18 14:14:28] error: 	z2m: MQTT error: Connection refused: Not authorized
[2026-03-18 14:14:29] error: 	z2m: MQTT error: Connection refused: Not authorized
[2026-03-18 14:14:30] error: 	z2m: MQTT error: Connection refused: Not authorized
[2026-03-18 14:14:31] error: 	z2m: MQTT error: Connection refused: Not authorized
[2026-03-18 14:14:32] info: 	z2m: Connected to MQTT server
[2026-03-18 14:14:32] info: 	z2m:mqtt: MQTT publish: topic 'zigbee2mqtt/bridge/state', payload '{"state":"online"}'
[2026-03-18 14:14:37] error: 	z2m: MQTT error: Connection refused: Not authorized
[2026-03-18 14:14:38] error: 	z2m: MQTT error: Connection refused: Not authorized
[2026-03-18 14:14:39] error: 	z2m: MQTT error: Connection refused: Not authorized
[2026-03-18 14:14:40] error: 	z2m: MQTT error: Connection refused: Not authorized
[2026-03-18 14:14:41] error: 	z2m: MQTT error: Connection refused: Not authorized
[2026-03-18 14:14:42] error: 	z2m: MQTT error: Connection refused: Not authorized
[2026-03-18 14:14:43] error: 	z2m: MQTT error: Connection refused: Not authorized
[2026-03-18 14:14:44] error: 	z2m: MQTT error: Connection refused: Not authorized
[2026-03-18 14:14:45] error: 	z2m: MQTT error: Connection refused: Not authorized
[2026-03-18 14:14:45] error: 	z2m: Not connected to MQTT server!
[2026-03-18 14:14:46] error: 	z2m: MQTT error: Connection refused: Not authorized
[2026-03-18 14:14:47] error: 	z2m: MQTT error: Connection refused: Not authorized
[2026-03-18 14:14:48] error: 	z2m: MQTT error: Connection refused: Not authorized
[2026-03-18 14:14:49] error: 	z2m: MQTT error: Connection refused: Not authorized
[2026-03-18 14:14:52] info: 	z2m: Connected to MQTT server
[2026-03-18 14:14:52] info: 	z2m:mqtt: MQTT publish: topic 'zigbee2mqtt/bridge/state', payload '{"state":"online"}'
[2026-03-18 14:14:54] info: 	z2m:mqtt: MQTT publish: topic 'zigbee2mqtt/0xa4c1387f4dcc1553', payload '{"countdown":0,"indicator_mode":"on","linkquality":128,"power_outage_memory":"off","state":"OFF","switch_type":"state"}'
[2026-03-18 14:14:57] info: 	z2m:mqtt: MQTT publish: topic 'zigbee2mqtt/0xa4c1387f4dcc1553', payload '{"countdown":0,"indicator_mode":"on","linkquality":132,"power_outage_memory":"off","state":"OFF","switch_type":"state"}'
[2026-03-18 14:15:02] error: 	z2m: MQTT error: Connection refused: Not authorized
[2026-03-18 14:15:03] error: 	z2m: MQTT error: Connection refused: Not authorized
[2026-03-18 14:15:04] error: 	z2m: MQTT error: Connection refused: Not authorized
[2026-03-18 14:15:05] error: 	z2m: Not connected to MQTT server!
[2026-03-18 14:15:05] error: 	z2m: MQTT error: Connection refused: Not authorized
[2026-03-18 14:15:06] error: 	z2m: MQTT error: Connection refused: Not authorized
[2026-03-18 14:15:07] error: 	z2m: MQTT error: Connection refused: Not authorized
[2026-03-18 14:15:08] error: 	z2m: MQTT error: Connection refused: Not authorized
[2026-03-18 14:15:09] error: 	z2m: MQTT error: Connection refused: Not authorized
[2026-03-18 14:15:10] error: 	z2m: MQTT error: Connection refused: Not authorized
[2026-03-18 14:15:11] error: 	z2m: MQTT error: Connection refused: Not authorized
[2026-03-18 14:15:12] error: 	z2m: MQTT error: Connection refused: Not authorized
[2026-03-18 14:15:13] error: 	z2m: MQTT error: Connection refused: Not authorized
[2026-03-18 14:15:14] error: 	z2m: MQTT error: Connection refused: Not authorized
[2026-03-18 14:15:15] error: 	z2m: Not connected to MQTT server!
[2026-03-18 14:15:15] error: 	z2m: MQTT error: Connection refused: Not authorized
[2026-03-18 14:15:16] error: 	z2m: MQTT error: Connection refused: Not authorized
[2026-03-18 14:15:17] error: 	z2m: MQTT error: Connection refused: Not authorized
[2026-03-18 14:15:18] error: 	z2m: MQTT error: Connection refused: Not authorized
[2026-03-18 14:15:19] error: 	z2m: MQTT error: Connection refused: Not authorized
[2026-03-18 14:15:20] error: 	z2m: MQTT error: Connection refused: Not authorized
[2026-03-18 14:15:21] error: 	z2m: MQTT error: Connection refused: Not authorized
[2026-03-18 14:15:22] error: 	z2m: MQTT error: Connection refused: Not authorized
[2026-03-18 14:15:23] error: 	z2m: MQTT error: Connection refused: Not authorized
[2026-03-18 14:15:24] error: 	z2m: MQTT error: Connection refused: Not authorized
[2026-03-18 14:15:25] error: 	z2m: Not connected to MQTT server!
[2026-03-18 14:15:25] error: 	z2m: MQTT error: Connection refused: Not authorized
[2026-03-18 14:15:26] error: 	z2m: MQTT error: Connection refused: Not authorized
[2026-03-18 14:15:27] error: 	z2m: MQTT error: Connection refused: Not authorized
[2026-03-18 14:15:28] error: 	z2m: MQTT error: Connection refused: Not authorized
[2026-03-18 14:15:29] error: 	z2m: MQTT error: Connection refused: Not authorized
[2026-03-18 14:15:30] error: 	z2m: MQTT error: Connection refused: Not authorized
[2026-03-18 14:15:31] error: 	z2m: MQTT error: Connection refused: Not authorized
[2026-03-18 14:15:32] error: 	z2m: MQTT error: Connection refused: Not authorized
[2026-03-18 14:15:33] error: 	z2m: MQTT error: Connection refused: Not authorized
[2026-03-18 14:15:34] error: 	z2m: MQTT error: Connection refused: Not authorized
[2026-03-18 14:15:35] error: 	z2m: Not connected to MQTT server!
[2026-03-18 14:15:35] error: 	z2m: MQTT error: Connection refused: Not authorized
[2026-03-18 14:15:36] info: 	z2m: Connected to MQTT server
[2026-03-18 14:15:36] info: 	z2m:mqtt: MQTT publish: topic 'zigbee2mqtt/bridge/state', payload '{"state":"online"}'
[2026-03-18 14:15:53] info: 	z2m:mqtt: MQTT publish: topic 'zigbee2mqtt/0xa4c1387f4dcc1553', payload '{"countdown":0,"indicator_mode":"on","linkquality":132,"power_outage_memory":"off","state":"ON","switch_type":"state"}'
[2026-03-18 14:15:53] info: 	z2m:mqtt: MQTT publish: topic 'zigbee2mqtt/0xa4c1387f4dcc1553', payload '{"countdown":0,"indicator_mode":"on","linkquality":132,"power_outage_memory":"off","state":"ON","switch_type":"state"}'
[2026-03-18 14:15:56] info: 	z2m:mqtt: MQTT publish: topic 'zigbee2mqtt/0xa4c1387f4dcc1553', payload '{"countdown":0,"indicator_mode":"on","linkquality":140,"power_outage_memory":"off","state":"ON","switch_type":"state"}'
[2026-03-18 14:16:10] info: 	z2m:mqtt: MQTT publish: topic 'zigbee2mqtt/0xa4c1387f4dcc1553', payload '{"countdown":0,"indicator_mode":"on","linkquality":140,"power_outage_memory":"off","state":"OFF","switch_type":"state"}'
[2026-03-18 14:16:10] info: 	z2m:mqtt: MQTT publish: topic 'zigbee2mqtt/0xa4c1387f4dcc1553', payload '{"countdown":0,"indicator_mode":"on","linkquality":140,"power_outage_memory":"off","state":"OFF","switch_type":"state"}'
[2026-03-18 14:16:13] info: 	z2m:mqtt: MQTT publish: topic 'zigbee2mqtt/0xa4c1387f4dcc1553', payload '{"countdown":0,"indicator_mode":"on","linkquality":132,"power_outage_memory":"off","state":"OFF","switch_type":"state"}'
[2026-03-18 14:16:58] info: 	z2m:mqtt: MQTT publish: topic 'zigbee2mqtt/0xa4c1387f4dcc1553', payload '{"countdown":0,"indicator_mode":"on","linkquality":124,"power_outage_memory":"off","state":"ON","switch_type":"state"}'
[2026-03-18 14:16:58] info: 	z2m:mqtt: MQTT publish: topic 'zigbee2mqtt/0xa4c1387f4dcc1553', payload '{"countdown":0,"indicator_mode":"on","linkquality":124,"power_outage_memory":"off","state":"ON","switch_type":"state"}'
[2026-03-18 14:17:01] info: 	z2m:mqtt: MQTT publish: topic 'zigbee2mqtt/0xa4c1387f4dcc1553', payload '{"countdown":0,"indicator_mode":"on","linkquality":132,"power_outage_memory":"off","state":"ON","switch_type":"state"}'
[2026-03-18 14:17:29] info: 	z2m:mqtt: MQTT publish: topic 'zigbee2mqtt/0xa4c1387f4dcc1553', payload '{"countdown":0,"indicator_mode":"on","linkquality":140,"power_outage_memory":"off","state":"OFF","switch_type":"state"}'
[2026-03-18 14:17:29] info: 	z2m:mqtt: MQTT publish: topic 'zigbee2mqtt/0xa4c1387f4dcc1553', payload '{"countdown":0,"indicator_mode":"on","linkquality":140,"power_outage_memory":"off","state":"OFF","switch_type":"state"}'
[2026-03-18 14:17:32] info: 	z2m:mqtt: MQTT publish: topic 'zigbee2mqtt/0xa4c1387f4dcc1553', payload '{"countdown":0,"indicator_mode":"on","linkquality":124,"power_outage_memory":"off","state":"OFF","switch_type":"state"}'
[2026-03-18 14:21:21] info: 	z2m: Stopping Zigbee2MQTT (restart=false, code=0, signal=SIGTERM)
[2026-03-18 14:21:21] info: 	z2m:mqtt: MQTT publish: topic 'zigbee2mqtt/bridge/state', payload '{"state":"offline"}'
[2026-03-18 14:21:21] info: 	z2m: Disconnecting from MQTT server
[2026-03-18 14:21:21] info: 	z2m: Stopping zigbee-herdsman...
[2026-03-18 14:21:22] info: 	zh:controller: Wrote coordinator backup to '/app/data/coordinator_backup.json'
[2026-03-18 14:21:22] info: 	zh:ember:uart:ash: ASH COUNTERS since last clear:
[2026-03-18 14:21:22] info: 	zh:ember:uart:ash:   Total frames: RX=96, TX=152
[2026-03-18 14:21:22] info: 	zh:ember:uart:ash:   Cancelled   : RX=0, TX=0
[2026-03-18 14:21:22] info: 	zh:ember:uart:ash:   DATA frames : RX=95, TX=56
[2026-03-18 14:21:22] info: 	zh:ember:uart:ash:   DATA bytes  : RX=1968, TX=816
[2026-03-18 14:21:22] info: 	zh:ember:uart:ash:   Retry frames: RX=0, TX=0
[2026-03-18 14:21:22] info: 	zh:ember:uart:ash:   ACK frames  : RX=0, TX=95
[2026-03-18 14:21:22] info: 	zh:ember:uart:ash:   NAK frames  : RX=0, TX=0
[2026-03-18 14:21:22] info: 	zh:ember:uart:ash:   nRdy frames : RX=0, TX=0
[2026-03-18 14:21:22] info: 	zh:ember:uart:ash:   CRC errors      : RX=0
[2026-03-18 14:21:22] info: 	zh:ember:uart:ash:   Comm errors     : RX=0
[2026-03-18 14:21:22] info: 	zh:ember:uart:ash:   Length < minimum: RX=0
[2026-03-18 14:21:22] info: 	zh:ember:uart:ash:   Length > maximum: RX=0
[2026-03-18 14:21:22] info: 	zh:ember:uart:ash:   Bad controls    : RX=0
[2026-03-18 14:21:22] info: 	zh:ember:uart:ash:   Bad lengths     : RX=0
[2026-03-18 14:21:22] info: 	zh:ember:uart:ash:   Bad ACK numbers : RX=0
[2026-03-18 14:21:22] info: 	zh:ember:uart:ash:   Out of buffers  : RX=0
[2026-03-18 14:21:22] info: 	zh:ember:uart:ash:   Retry dupes     : RX=0
[2026-03-18 14:21:22] info: 	zh:ember:uart:ash:   Out of sequence : RX=0
[2026-03-18 14:21:22] info: 	zh:ember:uart:ash:   ACK timeouts    : RX=0
[2026-03-18 14:21:22] info: 	zh:ember:uart:ash: Port closed, error=null
[2026-03-18 14:21:22] info: 	zh:ember:uart:ash: ======== ASH stopped ========
[2026-03-18 14:21:22] info: 	zh:ember:ezsp: ======== EZSP stopped ========
[2026-03-18 14:21:22] info: 	zh:ember: ======== Ember Adapter Stopped ========
[2026-03-18 14:21:22] info: 	z2m: Stopped zigbee-herdsman
[2026-03-18 14:21:22] info: 	z2m: Stopped Zigbee2MQTT
